<?xml version='1.0' encoding='UTF-8'?>
<testsuite hostname="bigdot-PowerEdge-R720" name="HelloTest" tests="1" errors="0" failures="0" skipped="0" time="26.083" timestamp="2022-11-29T17:18:23">
          <properties>
      <property name="java.specification.version" value="17"/><property name="sun.jnu.encoding" value="UTF-8"/><property name="sun.arch.data.model" value="64"/><property name="java.vendor.url" value="Unknown"/><property name="sbt.override.build.repos" value="true"/><property name="sun.boot.library.path" value="/usr/lib/jvm/java-17-openjdk-amd64/lib"/><property name="sun.java.command" value="/home/bigdot/.cache/sbt/boot/sbt-launch/1.7.2/sbt-launch-1.7.2.jar test"/><property name="jdk.debug" value="release"/><property name="sun.stderr.encoding" value="UTF-8"/><property name="java.specification.vendor" value="Oracle Corporation"/><property name="java.version.date" value="2022-07-19"/><property name="java.home" value="/usr/lib/jvm/java-17-openjdk-amd64"/><property name="file.separator" value="/"/><property name="java.vm.compressedOopsMode" value="32-bit"/><property name="line.separator" value="
"/><property name="sun.stdout.encoding" value="UTF-8"/><property name="java.vm.specification.vendor" value="Oracle Corporation"/><property name="java.specification.name" value="Java Platform API Specification"/><property name="sun.management.compiler" value="HotSpot 64-Bit Tiered Compilers"/><property name="java.runtime.version" value="17.0.4+8-Ubuntu-118.04"/><property name="user.name" value="bigdot"/><property name="log4j.ignoreTCL" value="true"/><property name="file.encoding" value="UTF-8"/><property name="jnidispatch.path" value="/home/bigdot/.cache/JNA/temp/jna5182291940552608861.tmp"/><property name="jna.loaded" value="true"/><property name="java.io.tmpdir" value="/tmp"/><property name="java.version" value="17.0.4"/><property name="java.vm.specification.name" value="Java Virtual Machine Specification"/><property name="native.encoding" value="UTF-8"/><property name="java.library.path" value="/usr/lib:/lib:/usr/lib/x86_64-linux-gnu:/usr/local/lib64:/eda/Qt5.14.2/5.14.2/gcc_64/lib:/eda/LD_lib:/eda/Agilent/ADS2015/lib/linux_x86_64:/eda/Agilent/ADS2015/adsptolemy/lib.linux_x86_64:/eda/Agilent/ADS2015/lib/linux_x86:/eda/Agilent/ADS2015/adsptolemy/lib.linux_x86:/eda/mentor/questasim-2022.1/questasim/lib:/home/bigdot/.linuxbrew/lib::/usr/java/packages/lib:/usr/lib/x86_64-linux-gnu/jni:/lib/x86_64-linux-gnu:/usr/lib/x86_64-linux-gnu:/usr/lib/jni:/lib:/usr/lib"/><property name="java.vendor" value="Private Build"/><property name="scala.ext.dirs" value="/home/bigdot/.sbt/1.0/java9-rt-ext-private_build_17_0_4"/><property name="sun.io.unicode.encoding" value="UnicodeLittle"/><property name="java.class.path" value="/home/bigdot/.cache/sbt/boot/sbt-launch/1.7.2/sbt-launch-1.7.2.jar"/><property name="java.vm.vendor" value="Private Build"/><property name="jline.shutdownhook" value="false"/><property name="user.timezone" value="Asia/Shanghai"/><property name="java.vm.specification.version" value="17"/><property name="os.name" value="Linux"/><property name="sun.java.launcher" value="SUN_STANDARD"/><property name="user.country" value="CN"/><property name="sun.cpu.endian" value="little"/><property name="user.home" value="/home/bigdot"/><property name="user.language" value="zh"/><property name="sbt.script" value="/usr/bin/sbt"/><property name="sbt.ipcsocket.tmpdir" value="/run/user/1000/.sbtf4a7b367/ipcsocket"/><property name="swoval.tmpdir" value="/run/user/1000/.sbtf4a7b367/swoval"/><property name="jline.esc.timeout" value="0"/><property name="path.separator" value=":"/><property name="os.version" value="5.4.0-131-generic"/><property name="jna.nosys" value="true"/><property name="java.runtime.name" value="OpenJDK Runtime Environment"/><property name="java.vm.name" value="OpenJDK 64-Bit Server VM"/><property name="jna.platform.library.path" value="/usr/lib/x86_64-linux-gnu:/lib/x86_64-linux-gnu:/lib64:/usr/lib:/lib:/usr/lib/i386-linux-gnu:/lib/i386-linux-gnu:/usr/lib32:/libx32:/lib32:/usr/libx32:/usr/lib/i386-linux-gnu/sse2:/usr/local/lib:/usr/lib/x86_64-linux-gnu/libfakeroot"/><property name="java.vendor.url.bug" value="Unknown"/><property name="user.dir" value="/eda/git/chisel-examples/hello-world"/><property name="os.arch" value="amd64"/><property name="java.vm.info" value="mixed mode, sharing"/><property name="java.vm.version" value="17.0.4+8-Ubuntu-118.04"/><property name="java.class.version" value="61.0"/>
    </properties>
          <testcase classname="HelloTest" name="Hello should pass" time="26.083">
                      
                    </testcase>
          <system-out><![CDATA[]]></system-out>
          <system-err><![CDATA[]]></system-err>
        </testsuite>